<?xml version="1.0" encoding="UTF-8"?>
<beans xmlns="http://www.springframework.org/schema/beans"
       xmlns:xsi="http://www.w3.org/2001/XMLSchema-instance"
       xsi:schemaLocation="http://www.springframework.org/schema/beans
    http://www.springframework.org/schema/beans/spring-beans.xsd">

    <bean id="customerController" class="com.ordermanagement.orderservice.customer.controller.CustomerController" />
    <bean id="customerService" class="com.ordermanagement.orderservice.customer.service.CustomerService" />
    <bean id="customerRepository" class="com.ordermanagement.orderservice.customer.repository.CustomerRepository" />
</beans>